{"level":"info","message":"Success on GET /test","service":"user-service","timestamp":"2022-10-21T09:58:24.070Z"}
{"level":"info","message":"Success on GET /test","service":"user-service","timestamp":"2022-10-21T10:06:57.519Z"}
{"level":"info","message":"Success on GET /test","service":"user-service","timestamp":"2022-11-01T15:36:36.986Z"}
{"level":"info","message":"Success on GET /api/v1/User","service":"user-service","timestamp":"2022-11-01T15:38:36.721Z"}
{"level":"info","message":"Success on GET /test","service":"user-service","timestamp":"2022-11-01T15:40:22.176Z"}
{"level":"error","message":"Error on POST /api/v1/User/","service":"user-service","timestamp":"2022-11-01T15:40:38.962Z"}
{"level":"info","message":"Success on GET /api/v1/User/:id","service":"user-service","timestamp":"2022-11-01T15:40:49.253Z"}
{"level":"info","message":"Success on PUT /api/v1/User/:id","service":"user-service","timestamp":"2022-11-01T15:41:10.728Z"}
{"level":"error","message":"Error on GET /api/v1/User","service":"user-service","timestamp":"2022-11-07T12:40:44.871Z"}
{"level":"error","message":"Error on GET /api/v1/User","service":"user-service","timestamp":"2022-11-07T12:41:40.191Z"}
{"level":"info","message":"Success on GET /test","service":"user-service","timestamp":"2022-11-08T12:12:53.868Z"}
{"level":"error","message":"Error on GET /api/v1/User","service":"user-service","timestamp":"2022-11-08T12:13:04.899Z"}
{"level":"info","message":"Success on GET /api/v1/User","service":"user-service","timestamp":"2022-11-08T12:16:44.446Z"}
{"level":"info","message":"Success on POST /api/v1/User/","service":"user-service","timestamp":"2022-11-08T12:23:26.208Z"}
{"level":"error","message":"Error on POST /api/v1/User/","service":"user-service","timestamp":"2022-11-08T12:24:28.419Z"}
{"level":"info","message":"Success on GET /api/v1/User","service":"user-service","timestamp":"2022-11-08T12:25:07.095Z"}
{"level":"info","message":"Success on GET /api/v1/User","service":"user-service","timestamp":"2022-11-08T12:25:08.644Z"}
{"level":"info","message":"Success on GET /api/v1/User","service":"user-service","timestamp":"2022-11-08T12:25:09.740Z"}
{"level":"info","message":"Success on POST /api/v1/User/","service":"user-service","timestamp":"2022-11-08T12:29:11.617Z"}
{"level":"info","message":"Success on POST /api/v1/User/","service":"user-service","timestamp":"2022-11-08T12:29:16.850Z"}
{"level":"info","message":"Success on GET /api/v1/User","service":"user-service","timestamp":"2022-11-09T11:26:36.535Z"}
{"level":"error","message":"Error on GET /api/v1/User","service":"user-service","timestamp":"2022-11-10T10:04:49.661Z"}
{"level":"info","message":"Success on GET /api/v1/User","service":"user-service","timestamp":"2022-11-10T10:28:08.399Z"}
{"level":"info","message":"Success on POST /api/v1/User/","service":"user-service","timestamp":"2022-11-10T10:28:23.522Z"}
{"level":"info","message":"Success on GET /api/v1/User","service":"user-service","timestamp":"2022-11-10T10:28:28.312Z"}
{"level":"info","message":"Success on GET /api/v1/User","service":"user-service","timestamp":"2022-11-11T09:59:15.656Z"}
